Arguments: 
  C:\Program Files\nodejs\node.exe C:\Users\Administrator\AppData\Roaming\npm\node_modules\yarn\bin\yarn.js run server

PATH: 
  D:\Tools\java\bin;D:\Tools\Xshell\;D:\Tools\python\Scripts\;D:\Tools\python\;C:\Windows\system32;C:\Windows;C:\Windows\System32\Wbem;C:\Windows\System32\WindowsPowerShell\v1.0\;D:\Tools\Git\Git\cmd;C:\Program Files\Microsoft VS Code\bin;C:\Program Files\nodejs\;C:\Program Files\Microsoft VS Code\bin;C:\Users\Administrator\AppData\Local\BypassRuntm;C:\Users\Administrator\AppData\Roaming\npm;D:\Tools\Flutter\bin;

Yarn version: 
  1.5.1

Node version: 
  10.15.3

Platform: 
  win32 x64

npm manifest: 
  {
    "name": "koa_api_demo_v1",
    "version": "1.0.0",
    "description": "利用Koa重构个人博客API",
    "main": "index.js",
    "scripts": {
      "test": "echo \"Error: no test specified\" && exit 1",
      "start": "node index.js",
      "server": "nodemon index.js"
    },
    "author": "Salen Ju",
    "license": "ISC",
    "dependencies": {
      "bcryptjs": "^2.4.3",
      "jsonwebtoken": "^8.5.1",
      "koa": "^2.8.1",
      "koa-bodyparser": "^4.2.1",
      "koa-ejs": "^4.2.0",
      "koa-json": "^2.0.2",
      "koa-passport": "^4.1.3",
      "koa-router": "^7.4.0",
      "koa2-cors": "^2.0.6",
      "mongoose": "^5.7.1",
      "passport-jwt": "^4.0.0",
      "validator": "^11.1.0"
    },
    "devDependencies": {
      "nodemon": "^1.19.2"
    }
  }

yarn manifest: 
  No manifest

Lockfile: 
  No lockfile

Trace: 
  Error: Command failed.
  Exit code: 3221225786
  Command: C:\Windows\system32\cmd.exe
  Arguments: /d /s /c nodemon index.js
  Directory: E:\koa-demos\koa_api_demo1
  Output:
  
      at ProcessTermError.MessageError (C:\Users\Administrator\AppData\Roaming\npm\node_modules\yarn\lib\cli.js:186:110)
      at new ProcessTermError (C:\Users\Administrator\AppData\Roaming\npm\node_modules\yarn\lib\cli.js:226:113)
      at ChildProcess.<anonymous> (C:\Users\Administrator\AppData\Roaming\npm\node_modules\yarn\lib\cli.js:30281:17)
      at ChildProcess.emit (events.js:189:13)
      at maybeClose (internal/child_process.js:970:16)
      at Process.ChildProcess._handle.onexit (internal/child_process.js:259:5)
